[debug] [2020-04-22T05:14:57.993Z] ----------------------------------------------------------------------
[debug] [2020-04-22T05:14:57.998Z] Command:       C:\Program Files\nodejs\node.exe C:\Users\Домашний\AppData\Roaming\npm\node_modules\firebase-tools\lib\bin\firebase.js init
[debug] [2020-04-22T05:14:57.999Z] CLI Version:   8.1.1
[debug] [2020-04-22T05:14:57.999Z] Platform:      win32
[debug] [2020-04-22T05:14:57.999Z] Node Version:  v12.16.1
[debug] [2020-04-22T05:14:58.001Z] Time:          Wed Apr 22 2020 10:14:58 GMT+0500 (GMT+05:00)
[debug] [2020-04-22T05:14:58.001Z] ----------------------------------------------------------------------
[debug] [2020-04-22T05:14:58.002Z] 
[debug] [2020-04-22T05:14:58.023Z] > command requires scopes: ["email","openid","https://www.googleapis.com/auth/cloudplatformprojects.readonly","https://www.googleapis.com/auth/firebase","https://www.googleapis.com/auth/cloud-platform"]
[debug] [2020-04-22T05:14:58.086Z] Error: Could not load the default credentials. Browse to https://cloud.google.com/docs/authentication/getting-started for more information.
    at GoogleAuth.getApplicationDefaultAsync (C:\Users\Домашний\AppData\Roaming\npm\node_modules\firebase-tools\node_modules\google-auth-library\build\src\auth\googleauth.js:160:19)
    at processTicksAndRejections (internal/process/task_queues.js:97:5)
    at async GoogleAuth.getClient (C:\Users\Домашний\AppData\Roaming\npm\node_modules\firebase-tools\node_modules\google-auth-library\build\src\auth\googleauth.js:502:17)
    at async GoogleAuth.getAccessToken (C:\Users\Домашний\AppData\Roaming\npm\node_modules\firebase-tools\node_modules\google-auth-library\build\src\auth\googleauth.js:524:24)
[error] 
[error] Error: An unexpected error has occurred.
[debug] [2020-04-22T05:15:12.770Z] ----------------------------------------------------------------------
[debug] [2020-04-22T05:15:12.774Z] Command:       C:\Program Files\nodejs\node.exe C:\Users\Домашний\AppData\Roaming\npm\node_modules\firebase-tools\lib\bin\firebase.js init
[debug] [2020-04-22T05:15:12.775Z] CLI Version:   8.1.1
[debug] [2020-04-22T05:15:12.775Z] Platform:      win32
[debug] [2020-04-22T05:15:12.775Z] Node Version:  v12.16.1
[debug] [2020-04-22T05:15:12.777Z] Time:          Wed Apr 22 2020 10:15:12 GMT+0500 (GMT+05:00)
[debug] [2020-04-22T05:15:12.777Z] ----------------------------------------------------------------------
[debug] [2020-04-22T05:15:12.777Z] 
[debug] [2020-04-22T05:15:12.798Z] > command requires scopes: ["email","openid","https://www.googleapis.com/auth/cloudplatformprojects.readonly","https://www.googleapis.com/auth/firebase","https://www.googleapis.com/auth/cloud-platform"]
[debug] [2020-04-22T05:15:12.855Z] Error: Could not load the default credentials. Browse to https://cloud.google.com/docs/authentication/getting-started for more information.
    at GoogleAuth.getApplicationDefaultAsync (C:\Users\Домашний\AppData\Roaming\npm\node_modules\firebase-tools\node_modules\google-auth-library\build\src\auth\googleauth.js:160:19)
    at processTicksAndRejections (internal/process/task_queues.js:97:5)
    at async GoogleAuth.getClient (C:\Users\Домашний\AppData\Roaming\npm\node_modules\firebase-tools\node_modules\google-auth-library\build\src\auth\googleauth.js:502:17)
    at async GoogleAuth.getAccessToken (C:\Users\Домашний\AppData\Roaming\npm\node_modules\firebase-tools\node_modules\google-auth-library\build\src\auth\googleauth.js:524:24)
[error] 
[error] Error: An unexpected error has occurred.
[debug] [2020-04-22T05:21:07.115Z] ----------------------------------------------------------------------
[debug] [2020-04-22T05:21:07.120Z] Command:       C:\Program Files\nodejs\node.exe C:\Users\Домашний\AppData\Roaming\npm\node_modules\firebase-tools\lib\bin\firebase.js init
[debug] [2020-04-22T05:21:07.121Z] CLI Version:   8.1.1
[debug] [2020-04-22T05:21:07.121Z] Platform:      win32
[debug] [2020-04-22T05:21:07.121Z] Node Version:  v12.16.1
[debug] [2020-04-22T05:21:07.123Z] Time:          Wed Apr 22 2020 10:21:07 GMT+0500 (GMT+05:00)
[debug] [2020-04-22T05:21:07.123Z] ----------------------------------------------------------------------
[debug] [2020-04-22T05:21:07.123Z] 
[debug] [2020-04-22T05:21:07.144Z] > command requires scopes: ["email","openid","https://www.googleapis.com/auth/cloudplatformprojects.readonly","https://www.googleapis.com/auth/firebase","https://www.googleapis.com/auth/cloud-platform"]
[debug] [2020-04-22T05:21:07.196Z] Error: Could not load the default credentials. Browse to https://cloud.google.com/docs/authentication/getting-started for more information.
    at GoogleAuth.getApplicationDefaultAsync (C:\Users\Домашний\AppData\Roaming\npm\node_modules\firebase-tools\node_modules\google-auth-library\build\src\auth\googleauth.js:160:19)
    at processTicksAndRejections (internal/process/task_queues.js:97:5)
    at async GoogleAuth.getClient (C:\Users\Домашний\AppData\Roaming\npm\node_modules\firebase-tools\node_modules\google-auth-library\build\src\auth\googleauth.js:502:17)
    at async GoogleAuth.getAccessToken (C:\Users\Домашний\AppData\Roaming\npm\node_modules\firebase-tools\node_modules\google-auth-library\build\src\auth\googleauth.js:524:24)
[error] 
[error] Error: An unexpected error has occurred.
[debug] [2020-04-22T05:21:49.462Z] ----------------------------------------------------------------------
[debug] [2020-04-22T05:21:49.467Z] Command:       C:\Program Files\nodejs\node.exe C:\Users\Домашний\AppData\Roaming\npm\node_modules\firebase-tools\lib\bin\firebase.js init --debug
[debug] [2020-04-22T05:21:49.467Z] CLI Version:   8.1.1
[debug] [2020-04-22T05:21:49.467Z] Platform:      win32
[debug] [2020-04-22T05:21:49.468Z] Node Version:  v12.16.1
[debug] [2020-04-22T05:21:49.469Z] Time:          Wed Apr 22 2020 10:21:49 GMT+0500 (GMT+05:00)
[debug] [2020-04-22T05:21:49.470Z] ----------------------------------------------------------------------
[debug] [2020-04-22T05:21:49.470Z] 
[debug] [2020-04-22T05:21:49.490Z] > command requires scopes: ["email","openid","https://www.googleapis.com/auth/cloudplatformprojects.readonly","https://www.googleapis.com/auth/firebase","https://www.googleapis.com/auth/cloud-platform"]
[debug] [2020-04-22T05:21:49.563Z] Error: Could not load the default credentials. Browse to https://cloud.google.com/docs/authentication/getting-started for more information.
    at GoogleAuth.getApplicationDefaultAsync (C:\Users\Домашний\AppData\Roaming\npm\node_modules\firebase-tools\node_modules\google-auth-library\build\src\auth\googleauth.js:160:19)
    at processTicksAndRejections (internal/process/task_queues.js:97:5)
    at async GoogleAuth.getClient (C:\Users\Домашний\AppData\Roaming\npm\node_modules\firebase-tools\node_modules\google-auth-library\build\src\auth\googleauth.js:502:17)
    at async GoogleAuth.getAccessToken (C:\Users\Домашний\AppData\Roaming\npm\node_modules\firebase-tools\node_modules\google-auth-library\build\src\auth\googleauth.js:524:24)
[error] 
[error] Error: An unexpected error has occurred.
[debug] [2020-04-22T05:54:36.190Z] ----------------------------------------------------------------------
[debug] [2020-04-22T05:54:36.194Z] Command:       C:\Program Files\nodejs\node.exe C:\Users\Домашний\AppData\Roaming\npm\node_modules\firebase-tools\lib\bin\firebase.js init
[debug] [2020-04-22T05:54:36.195Z] CLI Version:   8.1.1
[debug] [2020-04-22T05:54:36.195Z] Platform:      win32
[debug] [2020-04-22T05:54:36.195Z] Node Version:  v12.16.1
[debug] [2020-04-22T05:54:36.197Z] Time:          Wed Apr 22 2020 10:54:36 GMT+0500 (GMT+05:00)
[debug] [2020-04-22T05:54:36.197Z] ----------------------------------------------------------------------
[debug] [2020-04-22T05:54:36.198Z] 
[debug] [2020-04-22T05:54:36.218Z] > command requires scopes: ["email","openid","https://www.googleapis.com/auth/cloudplatformprojects.readonly","https://www.googleapis.com/auth/firebase","https://www.googleapis.com/auth/cloud-platform"]
[debug] [2020-04-22T05:54:36.272Z] Error: Could not load the default credentials. Browse to https://cloud.google.com/docs/authentication/getting-started for more information.
    at GoogleAuth.getApplicationDefaultAsync (C:\Users\Домашний\AppData\Roaming\npm\node_modules\firebase-tools\node_modules\google-auth-library\build\src\auth\googleauth.js:160:19)
    at processTicksAndRejections (internal/process/task_queues.js:97:5)
    at async GoogleAuth.getClient (C:\Users\Домашний\AppData\Roaming\npm\node_modules\firebase-tools\node_modules\google-auth-library\build\src\auth\googleauth.js:502:17)
    at async GoogleAuth.getAccessToken (C:\Users\Домашний\AppData\Roaming\npm\node_modules\firebase-tools\node_modules\google-auth-library\build\src\auth\googleauth.js:524:24)
[error] 
[error] Error: An unexpected error has occurred.
